0 info it worked if it ends with ok
1 verbose cli [ 'node', '/usr/local/bin/npm', 'install', '-g', 'mraa' ]
2 info using npm@2.1.4
3 info using node@v0.10.32
4 verbose node symlink /usr/local/bin/node
5 silly cache add args [ 'mraa', null ]
6 verbose cache add spec mraa
7 silly cache add parsed spec { raw: 'mraa',
7 silly cache add   scope: null,
7 silly cache add   name: 'mraa',
7 silly cache add   rawSpec: '',
7 silly cache add   spec: '*',
7 silly cache add   type: 'range' }
8 verbose addNamed mraa@*
9 silly addNamed semver.valid null
10 silly addNamed semver.validRange *
11 silly addNameRange { name: 'mraa', range: '*', hasData: false }
12 verbose mapToRegistry name mraa
13 verbose mapToRegistry uri https://registry.npmjs.org/mraa
14 verbose addNameRange registry:https://registry.npmjs.org/mraa not in flight; fetching
15 verbose request on initialization, where is /mraa
16 verbose request after pass 1, where is /mraa
17 verbose request url raw /mraa
18 verbose request resolving registry [ 'https://registry.npmjs.org/', './mraa' ]
19 verbose request after pass 2, where is https://registry.npmjs.org/mraa
20 verbose request no auth needed
21 info attempt registry request try #1 at 11:20:12
22 verbose request id fe72550a9171662d
23 http request GET https://registry.npmjs.org/mraa
24 http 200 https://registry.npmjs.org/mraa
25 silly registry.get cb [ 200,
25 silly registry.get   { date: 'Sat, 28 Feb 2015 16:20:10 GMT',
25 silly registry.get     server: 'CouchDB/1.5.0 (Erlang OTP/R16B03)',
25 silly registry.get     etag: '"DXAJ4QK1EPMRRUEPBKFTAFK66"',
25 silly registry.get     'content-type': 'application/json',
25 silly registry.get     'cache-control': 'max-age=60',
25 silly registry.get     'content-length': '111869',
25 silly registry.get     'accept-ranges': 'bytes',
25 silly registry.get     via: '1.1 varnish',
25 silly registry.get     age: '0',
25 silly registry.get     'x-served-by': 'cache-atl6221-ATL',
25 silly registry.get     'x-cache': 'MISS',
25 silly registry.get     'x-cache-hits': '0',
25 silly registry.get     'x-timer': 'S1425140410.419549,VS0,VE101',
25 silly registry.get     vary: 'Accept',
25 silly registry.get     'keep-alive': 'timeout=10, max=50',
25 silly registry.get     connection: 'Keep-Alive' } ]
26 silly addNameRange number 2 { name: 'mraa', range: '*', hasData: true }
27 silly addNameRange versions [ 'mraa',
27 silly addNameRange   [ '0.5.2-46-gd4552fd',
27 silly addNameRange     '0.5.2-47-ga38c07f',
27 silly addNameRange     '0.5.2-48-g0ca4b10',
27 silly addNameRange     '0.5.2-49-gabd538d',
27 silly addNameRange     '0.5.2-50-g8be861a',
27 silly addNameRange     '0.5.2-51-g276b0a8',
27 silly addNameRange     '0.5.2-62-g0289c63',
27 silly addNameRange     '0.5.2-63-gd1185ef',
27 silly addNameRange     '0.5.3',
27 silly addNameRange     '0.5.3-2-g9684915',
27 silly addNameRange     '0.5.3-3-g36e24ba',
27 silly addNameRange     '0.5.3-4-g14f4567',
27 silly addNameRange     '0.5.3-5-g1b059c1',
27 silly addNameRange     '0.5.3-6-g7ad78d0',
27 silly addNameRange     '0.5.3-7-gacc3476',
27 silly addNameRange     '0.5.4',
27 silly addNameRange     '0.5.4-2-g8aa2ccc',
27 silly addNameRange     '0.5.4-1-ged1fc6c',
27 silly addNameRange     '0.5.4-2-gffdd828',
27 silly addNameRange     '0.5.4-5-g1ee0548',
27 silly addNameRange     '0.5.4-6-gcf1a864',
27 silly addNameRange     '0.5.4-14-gaff8811',
27 silly addNameRange     '0.5.4-20-g82eee9b',
27 silly addNameRange     '0.5.4-21-g71913b9',
27 silly addNameRange     '0.5.4-22-gbd16ecc',
27 silly addNameRange     '0.5.4-24-g2c5e749',
27 silly addNameRange     '0.5.4-25-g0c086d8',
27 silly addNameRange     '0.5.4-26-gda15fdb',
27 silly addNameRange     '0.5.4-27-g643bb99',
27 silly addNameRange     '0.5.4-28-g4944f42',
27 silly addNameRange     '0.5.4-29-gf277e7d',
27 silly addNameRange     '0.5.4-30-gf6a05b1',
27 silly addNameRange     '0.5.4-31-gf7256f1',
27 silly addNameRange     '0.5.4-32-g71118af',
27 silly addNameRange     '0.5.4-34-g4d8b82e',
27 silly addNameRange     '0.5.4-36-ge5835fa',
27 silly addNameRange     '0.5.4-37-g3c4742c',
27 silly addNameRange     '0.5.4-38-gd58adef',
27 silly addNameRange     '0.5.4-41-g2574efd',
27 silly addNameRange     '0.5.4-42-ge7649db',
27 silly addNameRange     '0.5.4-45-gbc05ce7',
27 silly addNameRange     '0.5.4-46-g74d172c',
27 silly addNameRange     '0.5.4-63-gec5c09f',
27 silly addNameRange     '0.5.4-64-g3efb7a0',
27 silly addNameRange     '0.5.4-65-ga76061a',
27 silly addNameRange     '0.5.4-66-g44d6ebf',
27 silly addNameRange     '0.5.4-66-g62c3264',
27 silly addNameRange     '0.5.4-71-g17ee0c9',
27 silly addNameRange     '0.5.4-76-g5af1197',
27 silly addNameRange     '0.5.4-78-g21962f4',
27 silly addNameRange     '0.5.4-79-gc3e43e5',
27 silly addNameRange     '0.5.4-80-g50ca84b',
27 silly addNameRange     '0.5.4-81-g5daad72',
27 silly addNameRange     '0.5.4-82-g66eb476',
27 silly addNameRange     '0.5.4-83-g20d2291',
27 silly addNameRange     '0.5.4-84-ged4c68e',
27 silly addNameRange     '0.5.4-85-g9cfbc87',
27 silly addNameRange     '0.5.4-86-g97d5a3e',
27 silly addNameRange     '0.5.4-88-g4e59917',
27 silly addNameRange     '0.5.4-89-gc3980c2',
27 silly addNameRange     '0.5.4-90-ge23325d',
27 silly addNameRange     '0.5.4-91-g456646c',
27 silly addNameRange     '0.5.4-92-g067487f',
27 silly addNameRange     '0.5.4-94-ge8bc227',
27 silly addNameRange     '0.5.4-95-gfb54307',
27 silly addNameRange     '0.5.4-96-g94dd44a',
27 silly addNameRange     '0.5.4-97-g212be29',
27 silly addNameRange     '0.5.4-98-gd88da13',
27 silly addNameRange     '0.5.4-100-g6c73a8a',
27 silly addNameRange     '0.5.4-101-g82bb1c5',
27 silly addNameRange     '0.5.4-102-ge68546a',
27 silly addNameRange     '0.5.4-103-g4d81fec',
27 silly addNameRange     '0.5.4-104-g019b0a5',
27 silly addNameRange     '0.5.4-105-gbaa1a0a',
27 silly addNameRange     '0.5.4-106-gdbc64fb',
27 silly addNameRange     '0.5.4-107-gcd6701d',
27 silly addNameRange     '0.5.4-108-ge7c3c17',
27 silly addNameRange     '0.5.4-109-g8ccefe9',
27 silly addNameRange     '0.5.4-110-g459ecc0',
27 silly addNameRange     '0.5.4-112-g2dc79dd',
27 silly addNameRange     '0.5.4-115-g403424e',
27 silly addNameRange     '0.5.4-118-g818e1a8',
27 silly addNameRange     '0.5.4-121-g2965665',
27 silly addNameRange     '0.5.4-126-g989566b',
27 silly addNameRange     '0.5.4-127-gcd36880',
27 silly addNameRange     '0.5.4-134-gd6891e8',
27 silly addNameRange     '0.5.4-135-gdd80730',
27 silly addNameRange     '0.5.4-137-g9d80b12',
27 silly addNameRange     '0.5.4-138-g163a40e',
27 silly addNameRange     '0.5.4-139-gefdbf4b',
27 silly addNameRange     '0.5.4-140-g797b137',
27 silly addNameRange     '0.5.4-141-ga2220e3',
27 silly addNameRange     '0.6.1',
27 silly addNameRange     '0.6.1-2-ga747c80',
27 silly addNameRange     '0.6.1-5-g3b3b940' ] ]
28 verbose addNamed mraa@0.6.1-5-g3b3b940
29 silly addNamed semver.valid 0.6.1-5-g3b3b940
30 silly addNamed semver.validRange 0.6.1-5-g3b3b940
31 verbose addRemoteTarball https://registry.npmjs.org/mraa/-/mraa-0.6.1-5-g3b3b940.tgz not in flight; adding
32 verbose addRemoteTarball [ 'https://registry.npmjs.org/mraa/-/mraa-0.6.1-5-g3b3b940.tgz',
32 verbose addRemoteTarball   '60695ca2ec920424aca7c2208381076a6ed83149' ]
33 info retry fetch attempt 1 at 11:20:12
34 info attempt registry request try #1 at 11:20:12
35 http fetch GET https://registry.npmjs.org/mraa/-/mraa-0.6.1-5-g3b3b940.tgz
36 http fetch 200 https://registry.npmjs.org/mraa/-/mraa-0.6.1-5-g3b3b940.tgz
37 silly fetchAndShaCheck shasum 60695ca2ec920424aca7c2208381076a6ed83149
38 verbose addTmpTarball /var/folders/cs/km8420110mjbrrw2v22zmvf40000gn/T/npm-19037-2626fe2f/registry.npmjs.org/mraa/-/mraa-0.6.1-5-g3b3b940.tgz not in flight; adding
39 verbose addTmpTarball already have metadata; skipping unpack for mraa@0.6.1-5-g3b3b940
40 silly cache afterAdd mraa@0.6.1-5-g3b3b940
41 verbose afterAdd /Users/jbowler/.npm/mraa/0.6.1-5-g3b3b940/package/package.json not in flight; writing
42 verbose afterAdd /Users/jbowler/.npm/mraa/0.6.1-5-g3b3b940/package/package.json written
43 silly install resolved [ { name: 'mraa',
43 silly install resolved     description: 'IO library that helps you use I2c, SPI, gpio, uart, pwm, analog inputs (aio) and more on a number of platforms such as the Intel galileo, the Intel edison and others',
43 silly install resolved     keywords:
43 silly install resolved      [ 'gpio',
43 silly install resolved        'edison',
43 silly install resolved        'galileo',
43 silly install resolved        'io',
43 silly install resolved        'mraajs',
43 silly install resolved        'spi',
43 silly install resolved        'i2c',
43 silly install resolved        'minnow',
43 silly install resolved        'intel' ],
43 silly install resolved     homepage: 'http://github.com/intel-iot-devkit/mraa',
43 silly install resolved     main: './build/Release/mraa.node',
43 silly install resolved     engines: { node: '>= 0.10.x' },
43 silly install resolved     bugs: { url: 'http://github.com/intel-iot-devkit/mraa/issues' },
43 silly install resolved     license: 'MIT',
43 silly install resolved     version: '0.6.1-5-g3b3b940',
43 silly install resolved     authors: 'See github.com/intel-iot-devkit/mraa/graphs/contributors',
43 silly install resolved     scripts: { install: 'node-gyp rebuild' },
43 silly install resolved     gypfile: true,
43 silly install resolved     _id: 'mraa@0.6.1-5-g3b3b940',
43 silly install resolved     _shasum: '60695ca2ec920424aca7c2208381076a6ed83149',
43 silly install resolved     _resolved: 'https://registry.npmjs.org/mraa/-/mraa-0.6.1-5-g3b3b940.tgz',
43 silly install resolved     _from: 'mraa@*',
43 silly install resolved     _npmVersion: '1.4.9',
43 silly install resolved     _npmUser: { name: 'arfoll', email: 'brendan.le.foll@intel.com' },
43 silly install resolved     maintainers: [ [Object] ],
43 silly install resolved     dist:
43 silly install resolved      { shasum: '60695ca2ec920424aca7c2208381076a6ed83149',
43 silly install resolved        tarball: 'http://registry.npmjs.org/mraa/-/mraa-0.6.1-5-g3b3b940.tgz' },
43 silly install resolved     directories: {} } ]
44 info install mraa@0.6.1-5-g3b3b940 into /usr/local/lib
45 info installOne mraa@0.6.1-5-g3b3b940
46 verbose installOne of mraa to /usr/local/lib not in flight; installing
47 verbose lock using /Users/jbowler/.npm/_locks/mraa-bd1f581b1deed950.lock for /usr/local/lib/node_modules/mraa
48 silly install write writing mraa 0.6.1-5-g3b3b940 to /usr/local/lib/node_modules/mraa
49 silly cache addNamed cb mraa@0.6.1-5-g3b3b940
50 verbose unbuild lib/node_modules/mraa
51 verbose gentlyRm vacuuming /usr/local/lib/node_modules/mraa
52 verbose tar unpack /Users/jbowler/.npm/mraa/0.6.1-5-g3b3b940/package.tgz
53 verbose tar unpacking to /usr/local/lib/node_modules/mraa
54 verbose gentlyRm vacuuming /usr/local/lib/node_modules/mraa
55 silly gunzTarPerm modes [ '755', '644' ]
56 silly gunzTarPerm extractEntry
57 silly gunzTarPerm extractEntry Doxyfile.in
58 silly gunzTarPerm extractEntry include/
59 silly gunzTarPerm extractEntry include/arm/
60 silly gunzTarPerm extractEntry include/arm/raspberry_pi.h
61 silly gunzTarPerm extractEntry include/mraa_internal.h
62 silly gunzTarPerm extractEntry include/linux/
63 silly gunzTarPerm extractEntry include/linux/types.h
64 silly gunzTarPerm extractEntry include/linux/i2c-dev.h
65 silly gunzTarPerm extractEntry include/linux/README
66 silly gunzTarPerm extractEntry include/linux/posix_types.h
67 silly gunzTarPerm extractEntry include/linux/compiler.h
68 silly gunzTarPerm extractEntry include/x86/
69 silly gunzTarPerm extractEntry include/x86/intel_edison_fab_c.h
70 silly gunzTarPerm extractEntry include/x86/intel_de3815.h
71 silly gunzTarPerm extractEntry include/x86/intel_galileo_rev_g.h
72 silly gunzTarPerm extractEntry include/x86/intel_galileo_rev_d.h
73 silly gunzTarPerm extractEntry include/x86/intel_minnow_max.h
74 silly gunzTarPerm extractEntry include/mraa_adv_func.h
75 silly gunzTarPerm extractEntry include/mraa_internal_types.h
76 silly gunzTarPerm extractEntry include/version.h
77 silly gunzTarPerm extractEntry READMEFIRST
78 silly gunzTarPerm extractEntry api/
79 silly gunzTarPerm extractEntry api/mraa.h
80 silly gunzTarPerm extractEntry api/mraa.hpp
81 silly gunzTarPerm extractEntry api/mraa/
82 silly gunzTarPerm extractEntry api/mraa/types.h
83 silly gunzTarPerm extractEntry api/mraa/gpio.h
84 silly gunzTarPerm extractEntry api/mraa/common.hpp
85 silly gunzTarPerm extractEntry api/mraa/aio.h
86 silly gunzTarPerm extractEntry api/mraa/gpio.hpp
87 silly gunzTarPerm extractEntry api/mraa/pwm.h
88 silly gunzTarPerm extractEntry api/mraa/spi.h
89 silly gunzTarPerm extractEntry api/mraa/uart.h
90 silly gunzTarPerm extractEntry api/mraa/spi.hpp
91 silly gunzTarPerm extractEntry api/mraa/uart.hpp
92 silly gunzTarPerm extractEntry api/mraa/i2c.hpp
93 silly gunzTarPerm extractEntry api/mraa/i2c.h
94 silly gunzTarPerm extractEntry api/mraa/common.h
95 silly gunzTarPerm extractEntry api/mraa/aio.hpp
96 silly gunzTarPerm extractEntry api/mraa/pwm.hpp
97 silly gunzTarPerm extractEntry CMakeLists.txt
98 silly gunzTarPerm extractEntry COPYING
99 silly gunzTarPerm extractEntry binding.gyp
100 silly gunzTarPerm extractEntry cmake/
101 silly gunzTarPerm extractEntry cmake/Toolchains/
102 silly gunzTarPerm extractEntry cmake/Toolchains/oe-sdk_cross.cmake
103 silly gunzTarPerm extractEntry cmake/modules/
104 silly gunzTarPerm extractEntry cmake/modules/TargetArch.cmake
105 silly gunzTarPerm extractEntry cmake/modules/LICENSE.LGPL
106 silly gunzTarPerm extractEntry cmake/modules/LICENSE_1_0.txt
107 silly gunzTarPerm extractEntry cmake/modules/FindSphinx.cmake
108 silly gunzTarPerm extractEntry cmake/modules/GetGitRevisionDescription.cmake.in
109 silly gunzTarPerm extractEntry cmake/modules/GetGitRevisionDescription.cmake
110 silly gunzTarPerm extractEntry cmake/modules/version.c.in
111 silly gunzTarPerm extractEntry cmake/modules/CPackDeb.cmake
112 silly gunzTarPerm extractEntry cmake/modules/Copyright.txt
113 silly gunzTarPerm extractEntry tests/
114 silly gunzTarPerm extractEntry tests/mraa_test.cxx
115 silly gunzTarPerm extractEntry tests/CMakeLists.txt
116 silly gunzTarPerm extractEntry hi
117 silly gunzTarPerm extractEntry src/
118 silly gunzTarPerm extractEntry src/mraajsJAVASCRIPT_wrap.cxx
119 silly gunzTarPerm extractEntry src/CMakeLists.txt
120 silly gunzTarPerm extractEntry src/pwm/
121 silly gunzTarPerm extractEntry src/pwm/pwm.c
122 silly gunzTarPerm extractEntry src/arm/
123 silly gunzTarPerm extractEntry src/arm/arm.c
124 silly gunzTarPerm extractEntry src/arm/CMakeLists.txt
125 silly gunzTarPerm extractEntry src/arm/raspberry_pi.c
126 silly gunzTarPerm extractEntry src/mraa.i
127 silly gunzTarPerm extractEntry src/python/
128 silly gunzTarPerm extractEntry src/python/CMakeLists.txt
129 silly gunzTarPerm extractEntry src/python/python-mraa.i
130 silly gunzTarPerm extractEntry src/python/docs/
131 silly gunzTarPerm extractEntry src/python/docs/CMakeLists.txt
132 silly gunzTarPerm extractEntry src/python/docs/mraa.rst
133 silly gunzTarPerm extractEntry src/python/docs/example.rst
134 silly gunzTarPerm extractEntry src/python/docs/conf.py.in
135 silly gunzTarPerm extractEntry src/python/docs/index.rst
136 silly gunzTarPerm extractEntry src/aio/
137 silly gunzTarPerm extractEntry src/aio/aio.c
138 silly gunzTarPerm extractEntry src/i2c/
139 silly gunzTarPerm extractEntry src/i2c/LICENSE
140 silly gunzTarPerm extractEntry src/i2c/i2c.c
141 silly gunzTarPerm extractEntry src/javascript/
142 silly gunzTarPerm extractEntry src/javascript/CMakeLists.txt
143 silly gunzTarPerm extractEntry src/javascript/mraajs.i
144 silly gunzTarPerm extractEntry src/javascript/package.json.cmake
145 silly gunzTarPerm extractEntry src/javascript/binding.gyp.cmake
146 silly gunzTarPerm extractEntry src/mraa.c
147 silly gunzTarPerm extractEntry src/gpio/
148 silly gunzTarPerm extractEntry src/gpio/gpio.c
149 silly gunzTarPerm extractEntry src/x86/
150 silly gunzTarPerm extractEntry src/x86/intel_galileo_rev_g.c
151 silly gunzTarPerm extractEntry src/x86/intel_de3815.c
152 silly gunzTarPerm extractEntry src/x86/CMakeLists.txt
153 silly gunzTarPerm extractEntry src/x86/x86.c
154 silly gunzTarPerm extractEntry src/x86/intel_minnow_max.c
155 silly gunzTarPerm extractEntry src/x86/intel_edison_fab_c.c
156 silly gunzTarPerm extractEntry src/x86/intel_galileo_rev_d.c
157 silly gunzTarPerm extractEntry src/doxy2swig.py
158 silly gunzTarPerm extractEntry src/uart/
159 silly gunzTarPerm extractEntry src/uart/uart.c
160 silly gunzTarPerm extractEntry src/spi/
161 silly gunzTarPerm extractEntry src/spi/spi.c
162 silly gunzTarPerm extractEntry src/mraa.pc.cmake
163 silly gunzTarPerm extractEntry src/version.c
164 silly gunzTarPerm extractEntry docs/
165 silly gunzTarPerm extractEntry docs/raspberry_pi.md
166 silly gunzTarPerm extractEntry docs/platform-hooks.md
167 silly gunzTarPerm extractEntry docs/intel_de3815.md
168 silly gunzTarPerm extractEntry docs/debugging.md
169 silly gunzTarPerm extractEntry docs/galileorevd.md
170 silly gunzTarPerm extractEntry docs/npm.md
171 silly gunzTarPerm extractEntry docs/galileorevh.md
172 silly gunzTarPerm extractEntry docs/contributing.md
173 silly gunzTarPerm extractEntry docs/edison.md
174 silly gunzTarPerm extractEntry docs/minnow_max.md
175 silly gunzTarPerm extractEntry docs/index.md
176 silly gunzTarPerm extractEntry docs/internals.md
177 silly gunzTarPerm extractEntry docs/i2c.txt
178 silly gunzTarPerm extractEntry examples/
179 silly gunzTarPerm extractEntry examples/spi_max7219.c
180 silly gunzTarPerm extractEntry examples/CMakeLists.txt
181 silly gunzTarPerm extractEntry examples/c++/
182 silly gunzTarPerm extractEntry examples/c++/CMakeLists.txt
183 silly gunzTarPerm extractEntry examples/c++/Spi-pot.cpp
184 silly gunzTarPerm extractEntry examples/c++/I2c-compass.cpp
185 silly gunzTarPerm extractEntry examples/c++/Blink-IO.cpp
186 silly gunzTarPerm extractEntry examples/c++/Pwm3-cycle.cpp
187 silly gunzTarPerm extractEntry examples/c++/AioA0.cpp
188 silly gunzTarPerm extractEntry examples/gpio_read6.c
189 silly gunzTarPerm extractEntry examples/python/
190 silly gunzTarPerm extractEntry examples/python/uart.py
191 silly gunzTarPerm extractEntry examples/python/rgblcd.py
192 silly gunzTarPerm extractEntry examples/python/aio.py
193 silly gunzTarPerm extractEntry examples/python/hello_gpio.py
194 silly gunzTarPerm extractEntry examples/python/blink-io8.py
195 silly gunzTarPerm extractEntry examples/python/bmp85.py
196 silly gunzTarPerm extractEntry examples/python/spi.py
197 silly gunzTarPerm extractEntry examples/python/cycle-pwm3.py
198 silly gunzTarPerm extractEntry examples/python/hello_isr.py
199 silly gunzTarPerm extractEntry examples/isr_pin6.c
200 silly gunzTarPerm extractEntry examples/javascript/
201 silly gunzTarPerm extractEntry examples/javascript/Blink-IO.js
202 silly gunzTarPerm extractEntry examples/javascript/uart.js
203 silly gunzTarPerm extractEntry examples/javascript/AioA0.js
204 silly gunzTarPerm extractEntry examples/javascript/bmp85.js
205 silly gunzTarPerm extractEntry examples/javascript/isr.js
206 silly gunzTarPerm extractEntry examples/javascript/rgblcd.js
207 silly gunzTarPerm extractEntry examples/javascript/GPIO_DigitalRead.js
208 silly gunzTarPerm extractEntry examples/javascript/spi.js
209 silly gunzTarPerm extractEntry examples/javascript/GPIO_DigitalWrite.js
210 silly gunzTarPerm extractEntry examples/i2c_HMC5883L.c
211 silly gunzTarPerm extractEntry examples/mmap-io2.c
212 silly gunzTarPerm extractEntry examples/helloedison.c
213 silly gunzTarPerm extractEntry examples/gpio.c
214 silly gunzTarPerm extractEntry examples/hellomraa.c
215 silly gunzTarPerm extractEntry examples/spi_mcp4261.c
216 silly gunzTarPerm extractEntry examples/analogin_a0.c
217 silly gunzTarPerm extractEntry examples/cycle-pwm3.c
218 silly gunzTarPerm extractEntry examples/uart_setup.c
219 silly gunzTarPerm extractEntry examples/blink-io.c
220 silly gunzTarPerm extractEntry examples/blink_onboard.c
221 silly gunzTarPerm extractEntry README.md
222 silly gunzTarPerm extractEntry package.json
223 silly gunzTarPerm extractEntry DoxygenLayout.xml
224 info preinstall mraa@0.6.1-5-g3b3b940
225 silly install resolved []
226 verbose about to build /usr/local/lib/node_modules/mraa
227 info build /usr/local/lib/node_modules/mraa
228 verbose linkStuff [ true,
228 verbose linkStuff   '/usr/local/lib/node_modules',
228 verbose linkStuff   true,
228 verbose linkStuff   '/usr/local/lib/node_modules' ]
229 info linkStuff mraa@0.6.1-5-g3b3b940
230 verbose linkBins mraa@0.6.1-5-g3b3b940
231 verbose linkMans mraa@0.6.1-5-g3b3b940
232 verbose rebuildBundles mraa@0.6.1-5-g3b3b940
233 info install mraa@0.6.1-5-g3b3b940
234 verbose unsafe-perm in lifecycle true
235 info mraa@0.6.1-5-g3b3b940 Failed to exec install script
236 verbose unlock done using /Users/jbowler/.npm/_locks/mraa-bd1f581b1deed950.lock for /usr/local/lib/node_modules/mraa
237 verbose stack Error: mraa@0.6.1-5-g3b3b940 install: `node-gyp rebuild`
237 verbose stack Exit status 1
237 verbose stack     at ChildProcess.<anonymous> (/usr/local/lib/node_modules/npm/lib/utils/lifecycle.js:212:16)
237 verbose stack     at ChildProcess.emit (events.js:98:17)
237 verbose stack     at maybeClose (child_process.js:756:16)
237 verbose stack     at Process.ChildProcess._handle.onexit (child_process.js:823:5)
238 verbose pkgid mraa@0.6.1-5-g3b3b940
239 verbose cwd /Users/jbowler/makemit2015-catbot/edison
240 error Darwin 14.0.0
241 error argv "node" "/usr/local/bin/npm" "install" "-g" "mraa"
242 error node v0.10.32
243 error npm  v2.1.4
244 error code ELIFECYCLE
245 error mraa@0.6.1-5-g3b3b940 install: `node-gyp rebuild`
245 error Exit status 1
246 error Failed at the mraa@0.6.1-5-g3b3b940 install script.
246 error This is most likely a problem with the mraa package,
246 error not with npm itself.
246 error Tell the author that this fails on your system:
246 error     node-gyp rebuild
246 error You can get their info via:
246 error     npm owner ls mraa
246 error There is likely additional logging output above.
247 verbose exit [ 1, true ]
248 verbose unbuild lib/node_modules/mraa
249 info preuninstall mraa@0.6.1-5-g3b3b940
250 info uninstall mraa@0.6.1-5-g3b3b940
251 verbose unbuild rmStuff mraa@0.6.1-5-g3b3b940 from /usr/local/lib/node_modules
252 info postuninstall mraa@0.6.1-5-g3b3b940
253 verbose gentlyRm vacuuming /usr/local/lib/node_modules/mraa
254 silly gentlyRm purging /usr/local/lib/node_modules/mraa
255 silly gentlyRm quitting because other entries in /usr/local/lib/node_modules
